********************************************************************************
*                              2018年8月7日 3:52:17                               *
********************************************************************************
CSharpCompilerWrapper.exe version: 4.0.4.230
Unity version: 2018.2.1f1
Platform: Windows
Target assembly: Unity.TextMeshPro.dll
Project directory: E:\program\unity3d\Cynthia.Card.Unity\src\Cynthia.Card.Unity.Client
Target profile directory: C:\Program Files\Unity\Editor\Data\MonoBleedingEdge\lib\mono\unityjit
Unity Mono executable: C:\Program Files\Unity\Editor\Data\MonoBleedingEdge\bin\mono.exe
Compiler: Microsoft C# 7.3 (2.8.0.62830)

- Compilation ------------------------------------------------

Process: E:\program\unity3d\Cynthia.Card.Unity\src\Cynthia.Card.Unity.Client\CSharp70Support\Roslyn\csc.exe
Arguments: -noconfig @Temp/UnityTempFile-a1e9e2b7ae1beb747816755861ff0cac
Exit code: 0
Elapsed time: 2.67 sec

- Output (0 lines):

- Errors (0 lines):

********************************************************************************
*                              2018年8月7日 3:52:17                               *
********************************************************************************
CSharpCompilerWrapper.exe version: 4.0.4.230
Unity version: 2018.2.1f1
Platform: Windows
Target assembly: UnityEditor.StandardEvents.dll
Project directory: E:\program\unity3d\Cynthia.Card.Unity\src\Cynthia.Card.Unity.Client
Target profile directory: C:\Program Files\Unity\Editor\Data\MonoBleedingEdge\lib\mono\unityjit
Unity Mono executable: C:\Program Files\Unity\Editor\Data\MonoBleedingEdge\bin\mono.exe
Compiler: Microsoft C# 7.3 (2.8.0.62830)

- Compilation ------------------------------------------------

Process: E:\program\unity3d\Cynthia.Card.Unity\src\Cynthia.Card.Unity.Client\CSharp70Support\Roslyn\csc.exe
Arguments: -noconfig @Temp/UnityTempFile-4476f447560848e4eb60be4e951c80cb
Exit code: 0
Elapsed time: 2.15 sec

- Output (0 lines):

- Errors (0 lines):

********************************************************************************
*                              2018年8月7日 3:52:17                               *
********************************************************************************
CSharpCompilerWrapper.exe version: 4.0.4.230
Unity version: 2018.2.1f1
Platform: Windows
Target assembly: Unity.PackageManagerUI.Editor.dll
Project directory: E:\program\unity3d\Cynthia.Card.Unity\src\Cynthia.Card.Unity.Client
Target profile directory: C:\Program Files\Unity\Editor\Data\MonoBleedingEdge\lib\mono\unityjit
Unity Mono executable: C:\Program Files\Unity\Editor\Data\MonoBleedingEdge\bin\mono.exe
Compiler: Microsoft C# 7.3 (2.8.0.62830)

- Compilation ------------------------------------------------

Process: E:\program\unity3d\Cynthia.Card.Unity\src\Cynthia.Card.Unity.Client\CSharp70Support\Roslyn\csc.exe
Arguments: -noconfig @Temp/UnityTempFile-ddb02c544e3937a4db41ebc97a8bd921
Exit code: 0
Elapsed time: 2.31 sec

- Output (0 lines):

- Errors (0 lines):

********************************************************************************
*                              2018年8月7日 3:52:20                               *
********************************************************************************
CSharpCompilerWrapper.exe version: 4.0.4.230
Unity version: 2018.2.1f1
Platform: Windows
Target assembly: Unity.TextMeshPro.Editor.dll
Project directory: E:\program\unity3d\Cynthia.Card.Unity\src\Cynthia.Card.Unity.Client
Target profile directory: C:\Program Files\Unity\Editor\Data\MonoBleedingEdge\lib\mono\unityjit
Unity Mono executable: C:\Program Files\Unity\Editor\Data\MonoBleedingEdge\bin\mono.exe
Compiler: Microsoft C# 7.3 (2.8.0.62830)

- Compilation ------------------------------------------------

Process: E:\program\unity3d\Cynthia.Card.Unity\src\Cynthia.Card.Unity.Client\CSharp70Support\Roslyn\csc.exe
Arguments: -noconfig @Temp/UnityTempFile-a1ab0f7efc4179845ab28766c3a0df6e
Exit code: 0
Elapsed time: 1.32 sec

- Output (0 lines):

- Errors (0 lines):

********************************************************************************
*                              2018年8月7日 3:52:24                               *
********************************************************************************
CSharpCompilerWrapper.exe version: 4.0.4.230
Unity version: 2018.2.1f1
Platform: Windows
Target assembly: Assembly-CSharp.dll
Project directory: E:\program\unity3d\Cynthia.Card.Unity\src\Cynthia.Card.Unity.Client
Target profile directory: C:\Program Files\Unity\Editor\Data\MonoBleedingEdge\lib\mono\unityjit
Unity Mono executable: C:\Program Files\Unity\Editor\Data\MonoBleedingEdge\bin\mono.exe
Compiler: Microsoft C# 7.3 (2.8.0.62830)

- Compilation ------------------------------------------------

Process: E:\program\unity3d\Cynthia.Card.Unity\src\Cynthia.Card.Unity.Client\CSharp70Support\Roslyn\csc.exe
Arguments: -noconfig @Temp/UnityTempFile-ee625f59ef7db02429693fb1101f7671
Exit code: 1
Elapsed time: 0.62 sec

- Output (2 lines):
0: Assets\Script\LoginScript\Bootstrapper.cs(27,13): warning CS1701: Assuming assembly reference 'Autofac, Version=4.2.0.0, Culture=neutral, PublicKeyToken=17863af14b0044da' used by 'Autofac.Extensions.DependencyInjection' matches identity 'Autofac, Version=4.8.1.0, Culture=neutral, PublicKeyToken=17863af14b0044da' of 'Autofac', you may need to supply runtime policy
1: Assets\Script\LoginScript\Bootstrapper.cs(27,30): error CS1503: Argument 2: cannot convert from 'Microsoft.Extensions.DependencyInjection.IServiceCollection' to 'System.Collections.Generic.IEnumerable<Microsoft.Extensions.DependencyInjection.ServiceDescriptor>'

- Errors (0 lines):

********************************************************************************
*                              2018年8月7日 3:52:27                               *
********************************************************************************
CSharpCompilerWrapper.exe version: 4.0.4.230
Unity version: 2018.2.1f1
Platform: Windows
Target assembly: Unity.TextMeshPro.dll
Project directory: E:\program\unity3d\Cynthia.Card.Unity\src\Cynthia.Card.Unity.Client
Target profile directory: C:\Program Files\Unity\Editor\Data\MonoBleedingEdge\lib\mono\unityjit
Unity Mono executable: C:\Program Files\Unity\Editor\Data\MonoBleedingEdge\bin\mono.exe
Compiler: Microsoft C# 7.3 (2.8.0.62830)

- Compilation ------------------------------------------------

Process: E:\program\unity3d\Cynthia.Card.Unity\src\Cynthia.Card.Unity.Client\CSharp70Support\Roslyn\csc.exe
Arguments: -noconfig @Temp/UnityTempFile-333c34ec1872efd4bb57b666fda4d2f7
Exit code: 0
Elapsed time: 2.11 sec

- Output (0 lines):

- Errors (0 lines):

********************************************************************************
*                              2018年8月7日 3:52:27                               *
********************************************************************************
CSharpCompilerWrapper.exe version: 4.0.4.230
Unity version: 2018.2.1f1
Platform: Windows
Target assembly: UnityEditor.StandardEvents.dll
Project directory: E:\program\unity3d\Cynthia.Card.Unity\src\Cynthia.Card.Unity.Client
Target profile directory: C:\Program Files\Unity\Editor\Data\MonoBleedingEdge\lib\mono\unityjit
Unity Mono executable: C:\Program Files\Unity\Editor\Data\MonoBleedingEdge\bin\mono.exe
Compiler: Microsoft C# 7.3 (2.8.0.62830)

- Compilation ------------------------------------------------

Process: E:\program\unity3d\Cynthia.Card.Unity\src\Cynthia.Card.Unity.Client\CSharp70Support\Roslyn\csc.exe
Arguments: -noconfig @Temp/UnityTempFile-eb71f812f9c0b304cb6a55e02da48716
Exit code: 0
Elapsed time: 1.54 sec

- Output (0 lines):

- Errors (0 lines):

********************************************************************************
*                              2018年8月7日 3:52:27                               *
********************************************************************************
CSharpCompilerWrapper.exe version: 4.0.4.230
Unity version: 2018.2.1f1
Platform: Windows
Target assembly: Unity.PackageManagerUI.Editor.dll
Project directory: E:\program\unity3d\Cynthia.Card.Unity\src\Cynthia.Card.Unity.Client
Target profile directory: C:\Program Files\Unity\Editor\Data\MonoBleedingEdge\lib\mono\unityjit
Unity Mono executable: C:\Program Files\Unity\Editor\Data\MonoBleedingEdge\bin\mono.exe
Compiler: Microsoft C# 7.3 (2.8.0.62830)

- Compilation ------------------------------------------------

Process: E:\program\unity3d\Cynthia.Card.Unity\src\Cynthia.Card.Unity.Client\CSharp70Support\Roslyn\csc.exe
Arguments: -noconfig @Temp/UnityTempFile-c2b8365f3973fdc47a394b2758726933
Exit code: 0
Elapsed time: 1.82 sec

- Output (0 lines):

- Errors (0 lines):

********************************************************************************
*                              2018年8月7日 3:52:30                               *
********************************************************************************
CSharpCompilerWrapper.exe version: 4.0.4.230
Unity version: 2018.2.1f1
Platform: Windows
Target assembly: Unity.TextMeshPro.Editor.dll
Project directory: E:\program\unity3d\Cynthia.Card.Unity\src\Cynthia.Card.Unity.Client
Target profile directory: C:\Program Files\Unity\Editor\Data\MonoBleedingEdge\lib\mono\unityjit
Unity Mono executable: C:\Program Files\Unity\Editor\Data\MonoBleedingEdge\bin\mono.exe
Compiler: Microsoft C# 7.3 (2.8.0.62830)

- Compilation ------------------------------------------------

Process: E:\program\unity3d\Cynthia.Card.Unity\src\Cynthia.Card.Unity.Client\CSharp70Support\Roslyn\csc.exe
Arguments: -noconfig @Temp/UnityTempFile-251068f387f5816469ba80b359d5c852
Exit code: 0
Elapsed time: 1.30 sec

- Output (0 lines):

- Errors (0 lines):

********************************************************************************
*                              2018年8月7日 3:52:32                               *
********************************************************************************
CSharpCompilerWrapper.exe version: 4.0.4.230
Unity version: 2018.2.1f1
Platform: Windows
Target assembly: Assembly-CSharp.dll
Project directory: E:\program\unity3d\Cynthia.Card.Unity\src\Cynthia.Card.Unity.Client
Target profile directory: C:\Program Files\Unity\Editor\Data\MonoBleedingEdge\lib\mono\unityjit
Unity Mono executable: C:\Program Files\Unity\Editor\Data\MonoBleedingEdge\bin\mono.exe
Compiler: Microsoft C# 7.3 (2.8.0.62830)

- Compilation ------------------------------------------------

Process: E:\program\unity3d\Cynthia.Card.Unity\src\Cynthia.Card.Unity.Client\CSharp70Support\Roslyn\csc.exe
Arguments: -noconfig @Temp/UnityTempFile-130660455e0ee0848892b9c75ef5430c
Exit code: 1
Elapsed time: 0.72 sec

- Output (2 lines):
0: Assets\Script\LoginScript\Bootstrapper.cs(27,13): warning CS1701: Assuming assembly reference 'Autofac, Version=4.2.0.0, Culture=neutral, PublicKeyToken=17863af14b0044da' used by 'Autofac.Extensions.DependencyInjection' matches identity 'Autofac, Version=4.8.1.0, Culture=neutral, PublicKeyToken=17863af14b0044da' of 'Autofac', you may need to supply runtime policy
1: Assets\Script\LoginScript\Bootstrapper.cs(27,30): error CS1503: Argument 2: cannot convert from 'Microsoft.Extensions.DependencyInjection.IServiceCollection' to 'System.Collections.Generic.IEnumerable<Microsoft.Extensions.DependencyInjection.ServiceDescriptor>'

- Errors (0 lines):

********************************************************************************
*                              2018年8月7日 3:53:10                               *
********************************************************************************
CSharpCompilerWrapper.exe version: 4.0.4.230
Unity version: 2018.2.1f1
Platform: Windows
Target assembly: Unity.TextMeshPro.dll
Project directory: E:\program\unity3d\Cynthia.Card.Unity\src\Cynthia.Card.Unity.Client
Target profile directory: C:\Program Files\Unity\Editor\Data\MonoBleedingEdge\lib\mono\unityjit
Unity Mono executable: C:\Program Files\Unity\Editor\Data\MonoBleedingEdge\bin\mono.exe
Compiler: Microsoft C# 7.3 (2.8.0.62830)

- Compilation ------------------------------------------------

Process: E:\program\unity3d\Cynthia.Card.Unity\src\Cynthia.Card.Unity.Client\CSharp70Support\Roslyn\csc.exe
Arguments: -noconfig @Temp/UnityTempFile-d43906305c786d74da0f85b2859eb8da
Exit code: 0
Elapsed time: 1.48 sec

- Output (0 lines):

- Errors (0 lines):

********************************************************************************
*                              2018年8月7日 3:53:10                               *
********************************************************************************
CSharpCompilerWrapper.exe version: 4.0.4.230
Unity version: 2018.2.1f1
Platform: Windows
Target assembly: UnityEditor.StandardEvents.dll
Project directory: E:\program\unity3d\Cynthia.Card.Unity\src\Cynthia.Card.Unity.Client
Target profile directory: C:\Program Files\Unity\Editor\Data\MonoBleedingEdge\lib\mono\unityjit
Unity Mono executable: C:\Program Files\Unity\Editor\Data\MonoBleedingEdge\bin\mono.exe
Compiler: Microsoft C# 7.3 (2.8.0.62830)

- Compilation ------------------------------------------------

Process: E:\program\unity3d\Cynthia.Card.Unity\src\Cynthia.Card.Unity.Client\CSharp70Support\Roslyn\csc.exe
Arguments: -noconfig @Temp/UnityTempFile-eefeeb737ad0052479a91a39fa70c03d
Exit code: 0
Elapsed time: 1.15 sec

- Output (0 lines):

- Errors (0 lines):

********************************************************************************
*                              2018年8月7日 3:53:10                               *
********************************************************************************
CSharpCompilerWrapper.exe version: 4.0.4.230
Unity version: 2018.2.1f1
Platform: Windows
Target assembly: Unity.PackageManagerUI.Editor.dll
Project directory: E:\program\unity3d\Cynthia.Card.Unity\src\Cynthia.Card.Unity.Client
Target profile directory: C:\Program Files\Unity\Editor\Data\MonoBleedingEdge\lib\mono\unityjit
Unity Mono executable: C:\Program Files\Unity\Editor\Data\MonoBleedingEdge\bin\mono.exe
Compiler: Microsoft C# 7.3 (2.8.0.62830)

- Compilation ------------------------------------------------

Process: E:\program\unity3d\Cynthia.Card.Unity\src\Cynthia.Card.Unity.Client\CSharp70Support\Roslyn\csc.exe
Arguments: -noconfig @Temp/UnityTempFile-9a36fd2e36087454da5e71629bf4b49d
Exit code: 0
Elapsed time: 1.29 sec

- Output (0 lines):

- Errors (0 lines):

********************************************************************************
*                              2018年8月7日 3:53:12                               *
********************************************************************************
CSharpCompilerWrapper.exe version: 4.0.4.230
Unity version: 2018.2.1f1
Platform: Windows
Target assembly: Unity.TextMeshPro.Editor.dll
Project directory: E:\program\unity3d\Cynthia.Card.Unity\src\Cynthia.Card.Unity.Client
Target profile directory: C:\Program Files\Unity\Editor\Data\MonoBleedingEdge\lib\mono\unityjit
Unity Mono executable: C:\Program Files\Unity\Editor\Data\MonoBleedingEdge\bin\mono.exe
Compiler: Microsoft C# 7.3 (2.8.0.62830)

- Compilation ------------------------------------------------

Process: E:\program\unity3d\Cynthia.Card.Unity\src\Cynthia.Card.Unity.Client\CSharp70Support\Roslyn\csc.exe
Arguments: -noconfig @Temp/UnityTempFile-6893061a202af8742ac485aa8594897e
Exit code: 0
Elapsed time: 1.10 sec

- Output (0 lines):

- Errors (0 lines):

********************************************************************************
*                              2018年8月7日 3:53:13                               *
********************************************************************************
CSharpCompilerWrapper.exe version: 4.0.4.230
Unity version: 2018.2.1f1
Platform: Windows
Target assembly: Assembly-CSharp.dll
Project directory: E:\program\unity3d\Cynthia.Card.Unity\src\Cynthia.Card.Unity.Client
Target profile directory: C:\Program Files\Unity\Editor\Data\MonoBleedingEdge\lib\mono\unityjit
Unity Mono executable: C:\Program Files\Unity\Editor\Data\MonoBleedingEdge\bin\mono.exe
Compiler: Microsoft C# 7.3 (2.8.0.62830)

- Compilation ------------------------------------------------

Process: E:\program\unity3d\Cynthia.Card.Unity\src\Cynthia.Card.Unity.Client\CSharp70Support\Roslyn\csc.exe
Arguments: -noconfig @Temp/UnityTempFile-12bfef86a696dd7458a8c67e0381306a
Exit code: 1
Elapsed time: 0.48 sec

- Output (56 lines):
0: Assets\Code\GlobalUIService.cs(3,7): error CS0246: The type or namespace name 'Alsein' could not be found (are you missing a using directive or an assembly reference?)
1: Assets\Code\GlobalUIService.cs(4,7): error CS0246: The type or namespace name 'Autofac' could not be found (are you missing a using directive or an assembly reference?)
2: Assets\Code\GlobalUIService.cs(5,17): error CS0234: The type or namespace name 'AspNetCore' does not exist in the namespace 'Microsoft' (are you missing an assembly reference?)
3: Assets\Code\GlobalUIService.cs(8,7): error CS0246: The type or namespace name 'Alsein' could not be found (are you missing a using directive or an assembly reference?)
4: Assets\Code\GwentClientService.cs(3,7): error CS0246: The type or namespace name 'Alsein' could not be found (are you missing a using directive or an assembly reference?)
5: Assets\Code\GwentClientService.cs(4,7): error CS0246: The type or namespace name 'Autofac' could not be found (are you missing a using directive or an assembly reference?)
6: Assets\Code\GwentClientService.cs(5,17): error CS0234: The type or namespace name 'AspNetCore' does not exist in the namespace 'Microsoft' (are you missing an assembly reference?)
7: Assets\Code\LocalPlayer.cs(3,17): error CS0234: The type or namespace name 'AspNetCore' does not exist in the namespace 'Microsoft' (are you missing an assembly reference?)
8: Assets\Code\LocalPlayer.cs(4,7): error CS0246: The type or namespace name 'Alsein' could not be found (are you missing a using directive or an assembly reference?)
9: Assets\Code\SourceService.cs(3,7): error CS0246: The type or namespace name 'Alsein' could not be found (are you missing a using directive or an assembly reference?)
10: Assets\Code\SourceService.cs(4,7): error CS0246: The type or namespace name 'Autofac' could not be found (are you missing a using directive or an assembly reference?)
11: Assets\Code\SourceService.cs(5,17): error CS0234: The type or namespace name 'AspNetCore' does not exist in the namespace 'Microsoft' (are you missing an assembly reference?)
12: Assets\Code\SourceService.cs(8,7): error CS0246: The type or namespace name 'Alsein' could not be found (are you missing a using directive or an assembly reference?)
13: Assets\Script\GameMain\GaneEntrance.cs(4,7): error CS0246: The type or namespace name 'Autofac' could not be found (are you missing a using directive or an assembly reference?)
14: Assets\Script\GameMain\GaneEntrance.cs(5,17): error CS0234: The type or namespace name 'AspNetCore' does not exist in the namespace 'Microsoft' (are you missing an assembly reference?)
15: Assets\Script\GameMain\GaneEntrance.cs(7,7): error CS0246: The type or namespace name 'Alsein' could not be found (are you missing a using directive or an assembly reference?)
16: Assets\Script\GlobalUI\MessageBox.cs(6,7): error CS0246: The type or namespace name 'Alsein' could not be found (are you missing a using directive or an assembly reference?)
17: Assets\Script\LoginScript\Bootstrapper.cs(2,7): error CS0246: The type or namespace name 'Autofac' could not be found (are you missing a using directive or an assembly reference?)
18: Assets\Script\LoginScript\Bootstrapper.cs(3,17): error CS0234: The type or namespace name 'AspNetCore' does not exist in the namespace 'Microsoft' (are you missing an assembly reference?)
19: Assets\Script\LoginScript\Bootstrapper.cs(6,7): error CS0246: The type or namespace name 'Alsein' could not be found (are you missing a using directive or an assembly reference?)
20: Assets\Script\LoginScript\Bootstrapper.cs(8,7): error CS0246: The type or namespace name 'Autofac' could not be found (are you missing a using directive or an assembly reference?)
21: Assets\Script\LoginScript\Bootstrapper.cs(9,7): error CS0246: The type or namespace name 'Alsein' could not be found (are you missing a using directive or an assembly reference?)
22: Assets\Script\LoginScript\DependencyResolver.cs(3,7): error CS0246: The type or namespace name 'Autofac' could not be found (are you missing a using directive or an assembly reference?)
23: Assets\Script\LoginScript\LoadSecen.cs(6,7): error CS0246: The type or namespace name 'Autofac' could not be found (are you missing a using directive or an assembly reference?)
24: Assets\Script\LoginScript\LoginClick.cs(6,7): error CS0246: The type or namespace name 'Autofac' could not be found (are you missing a using directive or an assembly reference?)
25: Assets\Script\LoginScript\LoginClick.cs(10,17): error CS0234: The type or namespace name 'AspNetCore' does not exist in the namespace 'Microsoft' (are you missing an assembly reference?)
26: Assets\Script\LoginScript\RegisterClick.cs(6,7): error CS0246: The type or namespace name 'Autofac' could not be found (are you missing a using directive or an assembly reference?)
27: Assets\Script\MainMenu\MainCode.cs(5,7): error CS0246: The type or namespace name 'Autofac' could not be found (are you missing a using directive or an assembly reference?)
28: Assets\Script\Test\TestButton.cs(3,7): error CS0246: The type or namespace name 'Autofac' could not be found (are you missing a using directive or an assembly reference?)
29: Assets\Code\LocalPlayer.cs(9,32): error CS0246: The type or namespace name 'Player' could not be found (are you missing a using directive or an assembly reference?)
30: Assets\Code\SourceService.cs(12,6): error CS0246: The type or namespace name 'SingletonAttribute' could not be found (are you missing a using directive or an assembly reference?)
31: Assets\Code\SourceService.cs(12,6): error CS0246: The type or namespace name 'Singleton' could not be found (are you missing a using directive or an assembly reference?)
32: Assets\Code\GlobalUIService.cs(12,6): error CS0246: The type or namespace name 'SingletonAttribute' could not be found (are you missing a using directive or an assembly reference?)
33: Assets\Code\GlobalUIService.cs(12,6): error CS0246: The type or namespace name 'Singleton' could not be found (are you missing a using directive or an assembly reference?)
34: Assets\Code\GwentClientService.cs(9,6): error CS0246: The type or namespace name 'SingletonAttribute' could not be found (are you missing a using directive or an assembly reference?)
35: Assets\Code\GwentClientService.cs(9,6): error CS0246: The type or namespace name 'Singleton' could not be found (are you missing a using directive or an assembly reference?)
36: Assets\Code\LocalPlayer.cs(23,31): error CS0246: The type or namespace name 'ReceiveEventArgs' could not be found (are you missing a using directive or an assembly reference?)
37: Assets\Code\GwentClientService.cs(12,16): error CS0246: The type or namespace name 'HubConnection' could not be found (are you missing a using directive or an assembly reference?)
38: Assets\Code\LocalPlayer.cs(20,31): error CS0246: The type or namespace name 'Operation<>' could not be found (are you missing a using directive or an assembly reference?)
39: Assets\Code\LocalPlayer.cs(20,41): error CS0246: The type or namespace name 'UserOperationType' could not be found (are you missing a using directive or an assembly reference?)
40: Assets\Code\LocalPlayer.cs(21,31): error CS0246: The type or namespace name 'UserOperationType' could not be found (are you missing a using directive or an assembly reference?)
41: Assets\Code\LocalPlayer.cs(22,25): error CS0246: The type or namespace name 'Operation<>' could not be found (are you missing a using directive or an assembly reference?)
42: Assets\Code\LocalPlayer.cs(22,35): error CS0246: The type or namespace name 'ServerOperationType' could not be found (are you missing a using directive or an assembly reference?)
43: Assets\Code\LocalPlayer.cs(22,57): warning CS0109: The member 'LocalPlayer.ReceiveAsync()' does not hide an accessible member. The new keyword is not required.
44: Assets\Code\LocalPlayer.cs(23,55): warning CS0109: The member 'LocalPlayer.Receive' does not hide an accessible member. The new keyword is not required.
45: Assets\Code\LocalPlayer.cs(11,28): error CS0246: The type or namespace name 'HubConnection' could not be found (are you missing a using directive or an assembly reference?)
46: Assets\Script\GlobalUI\MessageBox.cs(14,13): error CS0246: The type or namespace name 'IAsyncDataSender' could not be found (are you missing a using directive or an assembly reference?)
47: Assets\Code\GwentClientService.cs(14,16): error CS0246: The type or namespace name 'UserInfo' could not be found (are you missing a using directive or an assembly reference?)
48: Assets\Script\GlobalUI\MessageBox.cs(15,13): error CS0246: The type or namespace name 'IAsyncDataReceiver' could not be found (are you missing a using directive or an assembly reference?)
49: Assets\Code\GwentClientService.cs(21,27): error CS0246: The type or namespace name 'UserInfo' could not be found (are you missing a using directive or an assembly reference?)
50: Assets\Code\GwentClientService.cs(33,35): error CS0246: The type or namespace name 'DeckModel' could not be found (are you missing a using directive or an assembly reference?)
51: Assets\Code\GwentClientService.cs(35,53): error CS0246: The type or namespace name 'DeckModel' could not be found (are you missing a using directive or an assembly reference?)
52: Assets\Code\GwentClientService.cs(36,40): error CS0246: The type or namespace name 'Operation<>' could not be found (are you missing a using directive or an assembly reference?)
53: Assets\Code\GwentClientService.cs(36,50): error CS0246: The type or namespace name 'UserOperationType' could not be found (are you missing a using directive or an assembly reference?)
54: Assets\Code\GwentClientService.cs(15,35): error CS0246: The type or namespace name 'HubConnection' could not be found (are you missing a using directive or an assembly reference?)
55: Assets\Script\LoginScript\DependencyResolver.cs(7,19): error CS0246: The type or namespace name 'IContainer' could not be found (are you missing a using directive or an assembly reference?)

- Errors (0 lines):

********************************************************************************
*                              2018年8月7日 3:53:38                               *
********************************************************************************
CSharpCompilerWrapper.exe version: 4.0.4.230
Unity version: 2018.2.1f1
Platform: Windows
Target assembly: Unity.TextMeshPro.dll
Project directory: E:\program\unity3d\Cynthia.Card.Unity\src\Cynthia.Card.Unity.Client
Target profile directory: C:\Program Files\Unity\Editor\Data\MonoBleedingEdge\lib\mono\unityjit
Unity Mono executable: C:\Program Files\Unity\Editor\Data\MonoBleedingEdge\bin\mono.exe
Compiler: Microsoft C# 7.3 (2.8.0.62830)

- Compilation ------------------------------------------------

Process: E:\program\unity3d\Cynthia.Card.Unity\src\Cynthia.Card.Unity.Client\CSharp70Support\Roslyn\csc.exe
Arguments: -noconfig @Temp/UnityTempFile-ae8dfea70c6b9ad479343c31bc0680ec
Exit code: 1
Elapsed time: 0.86 sec

- Output (2 lines):
0: error CS1703: Multiple assemblies with equivalent identity have been imported: 'E:\program\unity3d\Cynthia.Card.Unity\src\Cynthia.Card.Unity.Client\Assets\Plugins\System.Reflection.Emit.dll' and 'C:\Program Files\Unity\Editor\Data\MonoBleedingEdge\lib\mono\4.7.1-api\Facades\System.Reflection.Emit.dll'. Remove one of the duplicate references.
1: error CS1703: Multiple assemblies with equivalent identity have been imported: 'E:\program\unity3d\Cynthia.Card.Unity\src\Cynthia.Card.Unity.Client\Assets\Plugins\System.Reflection.Emit.ILGeneration.dll' and 'C:\Program Files\Unity\Editor\Data\MonoBleedingEdge\lib\mono\4.7.1-api\Facades\System.Reflection.Emit.ILGeneration.dll'. Remove one of the duplicate references.

- Errors (0 lines):

********************************************************************************
*                              2018年8月7日 3:53:38                               *
********************************************************************************
CSharpCompilerWrapper.exe version: 4.0.4.230
Unity version: 2018.2.1f1
Platform: Windows
Target assembly: UnityEditor.StandardEvents.dll
Project directory: E:\program\unity3d\Cynthia.Card.Unity\src\Cynthia.Card.Unity.Client
Target profile directory: C:\Program Files\Unity\Editor\Data\MonoBleedingEdge\lib\mono\unityjit
Unity Mono executable: C:\Program Files\Unity\Editor\Data\MonoBleedingEdge\bin\mono.exe
Compiler: Microsoft C# 7.3 (2.8.0.62830)

- Compilation ------------------------------------------------

Process: E:\program\unity3d\Cynthia.Card.Unity\src\Cynthia.Card.Unity.Client\CSharp70Support\Roslyn\csc.exe
Arguments: -noconfig @Temp/UnityTempFile-0f72e259337d6f44aa5b49ba1914e91b
Exit code: 1
Elapsed time: 0.70 sec

- Output (2 lines):
0: error CS1703: Multiple assemblies with equivalent identity have been imported: 'E:\program\unity3d\Cynthia.Card.Unity\src\Cynthia.Card.Unity.Client\Assets\Plugins\System.Reflection.Emit.dll' and 'C:\Program Files\Unity\Editor\Data\MonoBleedingEdge\lib\mono\4.7.1-api\Facades\System.Reflection.Emit.dll'. Remove one of the duplicate references.
1: error CS1703: Multiple assemblies with equivalent identity have been imported: 'E:\program\unity3d\Cynthia.Card.Unity\src\Cynthia.Card.Unity.Client\Assets\Plugins\System.Reflection.Emit.ILGeneration.dll' and 'C:\Program Files\Unity\Editor\Data\MonoBleedingEdge\lib\mono\4.7.1-api\Facades\System.Reflection.Emit.ILGeneration.dll'. Remove one of the duplicate references.

- Errors (0 lines):

********************************************************************************
*                              2018年8月7日 3:53:38                               *
********************************************************************************
CSharpCompilerWrapper.exe version: 4.0.4.230
Unity version: 2018.2.1f1
Platform: Windows
Target assembly: Unity.PackageManagerUI.Editor.dll
Project directory: E:\program\unity3d\Cynthia.Card.Unity\src\Cynthia.Card.Unity.Client
Target profile directory: C:\Program Files\Unity\Editor\Data\MonoBleedingEdge\lib\mono\unityjit
Unity Mono executable: C:\Program Files\Unity\Editor\Data\MonoBleedingEdge\bin\mono.exe
Compiler: Microsoft C# 7.3 (2.8.0.62830)

- Compilation ------------------------------------------------

Process: E:\program\unity3d\Cynthia.Card.Unity\src\Cynthia.Card.Unity.Client\CSharp70Support\Roslyn\csc.exe
Arguments: -noconfig @Temp/UnityTempFile-5c7627caa0d84e345939f9596d4035d7
Exit code: 1
Elapsed time: 0.84 sec

- Output (2 lines):
0: error CS1703: Multiple assemblies with equivalent identity have been imported: 'E:\program\unity3d\Cynthia.Card.Unity\src\Cynthia.Card.Unity.Client\Assets\Plugins\System.Reflection.Emit.dll' and 'C:\Program Files\Unity\Editor\Data\MonoBleedingEdge\lib\mono\4.7.1-api\Facades\System.Reflection.Emit.dll'. Remove one of the duplicate references.
1: error CS1703: Multiple assemblies with equivalent identity have been imported: 'E:\program\unity3d\Cynthia.Card.Unity\src\Cynthia.Card.Unity.Client\Assets\Plugins\System.Reflection.Emit.ILGeneration.dll' and 'C:\Program Files\Unity\Editor\Data\MonoBleedingEdge\lib\mono\4.7.1-api\Facades\System.Reflection.Emit.ILGeneration.dll'. Remove one of the duplicate references.

- Errors (0 lines):

********************************************************************************
*                              2018年8月7日 3:54:20                               *
********************************************************************************
CSharpCompilerWrapper.exe version: 4.0.4.230
Unity version: 2018.2.1f1
Platform: Windows
Target assembly: Unity.TextMeshPro.dll
Project directory: E:\program\unity3d\Cynthia.Card.Unity\src\Cynthia.Card.Unity.Client
Target profile directory: C:\Program Files\Unity\Editor\Data\MonoBleedingEdge\lib\mono\unityjit
Unity Mono executable: C:\Program Files\Unity\Editor\Data\MonoBleedingEdge\bin\mono.exe
Compiler: Microsoft C# 7.3 (2.8.0.62830)

- Compilation ------------------------------------------------

Process: E:\program\unity3d\Cynthia.Card.Unity\src\Cynthia.Card.Unity.Client\CSharp70Support\Roslyn\csc.exe
Arguments: -noconfig @Temp/UnityTempFile-6236412b41df76f4199bf50adf191c1b
Exit code: 1
Elapsed time: 0.88 sec

- Output (1 line):
0: error CS1703: Multiple assemblies with equivalent identity have been imported: 'E:\program\unity3d\Cynthia.Card.Unity\src\Cynthia.Card.Unity.Client\Assets\Plugins\System.Reflection.Emit.ILGeneration.dll' and 'C:\Program Files\Unity\Editor\Data\MonoBleedingEdge\lib\mono\4.7.1-api\Facades\System.Reflection.Emit.ILGeneration.dll'. Remove one of the duplicate references.

- Errors (0 lines):

********************************************************************************
*                              2018年8月7日 3:54:20                               *
********************************************************************************
CSharpCompilerWrapper.exe version: 4.0.4.230
Unity version: 2018.2.1f1
Platform: Windows
Target assembly: Unity.PackageManagerUI.Editor.dll
Project directory: E:\program\unity3d\Cynthia.Card.Unity\src\Cynthia.Card.Unity.Client
Target profile directory: C:\Program Files\Unity\Editor\Data\MonoBleedingEdge\lib\mono\unityjit
Unity Mono executable: C:\Program Files\Unity\Editor\Data\MonoBleedingEdge\bin\mono.exe
Compiler: Microsoft C# 7.3 (2.8.0.62830)

- Compilation ------------------------------------------------

Process: E:\program\unity3d\Cynthia.Card.Unity\src\Cynthia.Card.Unity.Client\CSharp70Support\Roslyn\csc.exe
Arguments: -noconfig @Temp/UnityTempFile-a9945e90ef9016947ba66e7793d71e0f
Exit code: 1
Elapsed time: 0.85 sec

- Output (1 line):
0: error CS1703: Multiple assemblies with equivalent identity have been imported: 'E:\program\unity3d\Cynthia.Card.Unity\src\Cynthia.Card.Unity.Client\Assets\Plugins\System.Reflection.Emit.ILGeneration.dll' and 'C:\Program Files\Unity\Editor\Data\MonoBleedingEdge\lib\mono\4.7.1-api\Facades\System.Reflection.Emit.ILGeneration.dll'. Remove one of the duplicate references.

- Errors (0 lines):

********************************************************************************
*                              2018年8月7日 3:54:20                               *
********************************************************************************
CSharpCompilerWrapper.exe version: 4.0.4.230
Unity version: 2018.2.1f1
Platform: Windows
Target assembly: UnityEditor.StandardEvents.dll
Project directory: E:\program\unity3d\Cynthia.Card.Unity\src\Cynthia.Card.Unity.Client
Target profile directory: C:\Program Files\Unity\Editor\Data\MonoBleedingEdge\lib\mono\unityjit
Unity Mono executable: C:\Program Files\Unity\Editor\Data\MonoBleedingEdge\bin\mono.exe
Compiler: Microsoft C# 7.3 (2.8.0.62830)

- Compilation ------------------------------------------------

Process: E:\program\unity3d\Cynthia.Card.Unity\src\Cynthia.Card.Unity.Client\CSharp70Support\Roslyn\csc.exe
Arguments: -noconfig @Temp/UnityTempFile-8dae81c3913c73a4c8d192f0493082ad
Exit code: 1
Elapsed time: 0.77 sec

- Output (1 line):
0: error CS1703: Multiple assemblies with equivalent identity have been imported: 'E:\program\unity3d\Cynthia.Card.Unity\src\Cynthia.Card.Unity.Client\Assets\Plugins\System.Reflection.Emit.ILGeneration.dll' and 'C:\Program Files\Unity\Editor\Data\MonoBleedingEdge\lib\mono\4.7.1-api\Facades\System.Reflection.Emit.ILGeneration.dll'. Remove one of the duplicate references.

- Errors (0 lines):

********************************************************************************
*                              2018年8月7日 3:54:38                               *
********************************************************************************
CSharpCompilerWrapper.exe version: 4.0.4.230
Unity version: 2018.2.1f1
Platform: Windows
Target assembly: Unity.TextMeshPro.dll
Project directory: E:\program\unity3d\Cynthia.Card.Unity\src\Cynthia.Card.Unity.Client
Target profile directory: C:\Program Files\Unity\Editor\Data\MonoBleedingEdge\lib\mono\unityjit
Unity Mono executable: C:\Program Files\Unity\Editor\Data\MonoBleedingEdge\bin\mono.exe
Compiler: Microsoft C# 7.3 (2.8.0.62830)

- Compilation ------------------------------------------------

Process: E:\program\unity3d\Cynthia.Card.Unity\src\Cynthia.Card.Unity.Client\CSharp70Support\Roslyn\csc.exe
Arguments: -noconfig @Temp/UnityTempFile-55051b462ab8a264b920c0d25271b246
Exit code: 0
Elapsed time: 1.66 sec

- Output (0 lines):

- Errors (0 lines):

********************************************************************************
*                              2018年8月7日 3:54:38                               *
********************************************************************************
CSharpCompilerWrapper.exe version: 4.0.4.230
Unity version: 2018.2.1f1
Platform: Windows
Target assembly: UnityEditor.StandardEvents.dll
Project directory: E:\program\unity3d\Cynthia.Card.Unity\src\Cynthia.Card.Unity.Client
Target profile directory: C:\Program Files\Unity\Editor\Data\MonoBleedingEdge\lib\mono\unityjit
Unity Mono executable: C:\Program Files\Unity\Editor\Data\MonoBleedingEdge\bin\mono.exe
Compiler: Microsoft C# 7.3 (2.8.0.62830)

- Compilation ------------------------------------------------

Process: E:\program\unity3d\Cynthia.Card.Unity\src\Cynthia.Card.Unity.Client\CSharp70Support\Roslyn\csc.exe
Arguments: -noconfig @Temp/UnityTempFile-668a7b6b0722a9042bea7828240af4bb
Exit code: 0
Elapsed time: 1.21 sec

- Output (0 lines):

- Errors (0 lines):

********************************************************************************
*                              2018年8月7日 3:54:38                               *
********************************************************************************
CSharpCompilerWrapper.exe version: 4.0.4.230
Unity version: 2018.2.1f1
Platform: Windows
Target assembly: Unity.PackageManagerUI.Editor.dll
Project directory: E:\program\unity3d\Cynthia.Card.Unity\src\Cynthia.Card.Unity.Client
Target profile directory: C:\Program Files\Unity\Editor\Data\MonoBleedingEdge\lib\mono\unityjit
Unity Mono executable: C:\Program Files\Unity\Editor\Data\MonoBleedingEdge\bin\mono.exe
Compiler: Microsoft C# 7.3 (2.8.0.62830)

- Compilation ------------------------------------------------

Process: E:\program\unity3d\Cynthia.Card.Unity\src\Cynthia.Card.Unity.Client\CSharp70Support\Roslyn\csc.exe
Arguments: -noconfig @Temp/UnityTempFile-e2a0856d5b0e14f42b4f6e0636ac98f5
Exit code: 0
Elapsed time: 1.32 sec

- Output (0 lines):

- Errors (0 lines):

********************************************************************************
*                              2018年8月7日 3:54:40                               *
********************************************************************************
CSharpCompilerWrapper.exe version: 4.0.4.230
Unity version: 2018.2.1f1
Platform: Windows
Target assembly: Unity.TextMeshPro.Editor.dll
Project directory: E:\program\unity3d\Cynthia.Card.Unity\src\Cynthia.Card.Unity.Client
Target profile directory: C:\Program Files\Unity\Editor\Data\MonoBleedingEdge\lib\mono\unityjit
Unity Mono executable: C:\Program Files\Unity\Editor\Data\MonoBleedingEdge\bin\mono.exe
Compiler: Microsoft C# 7.3 (2.8.0.62830)

- Compilation ------------------------------------------------

Process: E:\program\unity3d\Cynthia.Card.Unity\src\Cynthia.Card.Unity.Client\CSharp70Support\Roslyn\csc.exe
Arguments: -noconfig @Temp/UnityTempFile-550a517a5de482b4ba60639cce7cb7ff
Exit code: 0
Elapsed time: 1.09 sec

- Output (0 lines):

- Errors (0 lines):

********************************************************************************
*                              2018年8月7日 3:54:41                               *
********************************************************************************
CSharpCompilerWrapper.exe version: 4.0.4.230
Unity version: 2018.2.1f1
Platform: Windows
Target assembly: Assembly-CSharp.dll
Project directory: E:\program\unity3d\Cynthia.Card.Unity\src\Cynthia.Card.Unity.Client
Target profile directory: C:\Program Files\Unity\Editor\Data\MonoBleedingEdge\lib\mono\unityjit
Unity Mono executable: C:\Program Files\Unity\Editor\Data\MonoBleedingEdge\bin\mono.exe
Compiler: Microsoft C# 7.3 (2.8.0.62830)

- Compilation ------------------------------------------------

Process: E:\program\unity3d\Cynthia.Card.Unity\src\Cynthia.Card.Unity.Client\CSharp70Support\Roslyn\csc.exe
Arguments: -noconfig @Temp/UnityTempFile-f87b7c79d998def4da0f26d49211e9e1
Exit code: 1
Elapsed time: 0.60 sec

- Output (14 lines):
0: Assets\Code\GwentClientService.cs(14,16): error CS0246: The type or namespace name 'UserInfo' could not be found (are you missing a using directive or an assembly reference?)
1: Assets\Code\GwentClientService.cs(21,27): error CS0246: The type or namespace name 'UserInfo' could not be found (are you missing a using directive or an assembly reference?)
2: Assets\Code\GwentClientService.cs(33,35): error CS0246: The type or namespace name 'DeckModel' could not be found (are you missing a using directive or an assembly reference?)
3: Assets\Code\LocalPlayer.cs(9,32): error CS0246: The type or namespace name 'Player' could not be found (are you missing a using directive or an assembly reference?)
4: Assets\Code\GwentClientService.cs(35,53): error CS0246: The type or namespace name 'DeckModel' could not be found (are you missing a using directive or an assembly reference?)
5: Assets\Code\GwentClientService.cs(36,40): error CS0246: The type or namespace name 'Operation<>' could not be found (are you missing a using directive or an assembly reference?)
6: Assets\Code\GwentClientService.cs(36,50): error CS0246: The type or namespace name 'UserOperationType' could not be found (are you missing a using directive or an assembly reference?)
7: Assets\Code\LocalPlayer.cs(20,31): error CS0246: The type or namespace name 'Operation<>' could not be found (are you missing a using directive or an assembly reference?)
8: Assets\Code\LocalPlayer.cs(20,41): error CS0246: The type or namespace name 'UserOperationType' could not be found (are you missing a using directive or an assembly reference?)
9: Assets\Code\LocalPlayer.cs(21,31): error CS0246: The type or namespace name 'UserOperationType' could not be found (are you missing a using directive or an assembly reference?)
10: Assets\Code\LocalPlayer.cs(22,25): error CS0246: The type or namespace name 'Operation<>' could not be found (are you missing a using directive or an assembly reference?)
11: Assets\Code\LocalPlayer.cs(22,35): error CS0246: The type or namespace name 'ServerOperationType' could not be found (are you missing a using directive or an assembly reference?)
12: Assets\Code\LocalPlayer.cs(22,57): warning CS0109: The member 'LocalPlayer.ReceiveAsync()' does not hide an accessible member. The new keyword is not required.
13: Assets\Code\LocalPlayer.cs(23,55): warning CS0109: The member 'LocalPlayer.Receive' does not hide an accessible member. The new keyword is not required.

- Errors (0 lines):

********************************************************************************
*                              2018年8月7日 3:55:12                               *
********************************************************************************
CSharpCompilerWrapper.exe version: 4.0.4.230
Unity version: 2018.2.1f1
Platform: Windows
Target assembly: Unity.TextMeshPro.dll
Project directory: E:\program\unity3d\Cynthia.Card.Unity\src\Cynthia.Card.Unity.Client
Target profile directory: C:\Program Files\Unity\Editor\Data\MonoBleedingEdge\lib\mono\unityjit
Unity Mono executable: C:\Program Files\Unity\Editor\Data\MonoBleedingEdge\bin\mono.exe
Compiler: Microsoft C# 7.3 (2.8.0.62830)

- Compilation ------------------------------------------------

Process: E:\program\unity3d\Cynthia.Card.Unity\src\Cynthia.Card.Unity.Client\CSharp70Support\Roslyn\csc.exe
Arguments: -noconfig @Temp/UnityTempFile-c092d033bee6d4946a91a8669544ca67
Exit code: 0
Elapsed time: 1.61 sec

- Output (0 lines):

- Errors (0 lines):

********************************************************************************
*                              2018年8月7日 3:55:12                               *
********************************************************************************
CSharpCompilerWrapper.exe version: 4.0.4.230
Unity version: 2018.2.1f1
Platform: Windows
Target assembly: UnityEditor.StandardEvents.dll
Project directory: E:\program\unity3d\Cynthia.Card.Unity\src\Cynthia.Card.Unity.Client
Target profile directory: C:\Program Files\Unity\Editor\Data\MonoBleedingEdge\lib\mono\unityjit
Unity Mono executable: C:\Program Files\Unity\Editor\Data\MonoBleedingEdge\bin\mono.exe
Compiler: Microsoft C# 7.3 (2.8.0.62830)

- Compilation ------------------------------------------------

Process: E:\program\unity3d\Cynthia.Card.Unity\src\Cynthia.Card.Unity.Client\CSharp70Support\Roslyn\csc.exe
Arguments: -noconfig @Temp/UnityTempFile-452c89f952abd0a46be8d002f288dfba
Exit code: 0
Elapsed time: 1.24 sec

- Output (0 lines):

- Errors (0 lines):

********************************************************************************
*                              2018年8月7日 3:55:12                               *
********************************************************************************
CSharpCompilerWrapper.exe version: 4.0.4.230
Unity version: 2018.2.1f1
Platform: Windows
Target assembly: Unity.PackageManagerUI.Editor.dll
Project directory: E:\program\unity3d\Cynthia.Card.Unity\src\Cynthia.Card.Unity.Client
Target profile directory: C:\Program Files\Unity\Editor\Data\MonoBleedingEdge\lib\mono\unityjit
Unity Mono executable: C:\Program Files\Unity\Editor\Data\MonoBleedingEdge\bin\mono.exe
Compiler: Microsoft C# 7.3 (2.8.0.62830)

- Compilation ------------------------------------------------

Process: E:\program\unity3d\Cynthia.Card.Unity\src\Cynthia.Card.Unity.Client\CSharp70Support\Roslyn\csc.exe
Arguments: -noconfig @Temp/UnityTempFile-e44c318efe1607f4083da56a025fa9a1
Exit code: 0
Elapsed time: 1.38 sec

- Output (0 lines):

- Errors (0 lines):

********************************************************************************
*                              2018年8月7日 3:55:14                               *
********************************************************************************
CSharpCompilerWrapper.exe version: 4.0.4.230
Unity version: 2018.2.1f1
Platform: Windows
Target assembly: Unity.TextMeshPro.Editor.dll
Project directory: E:\program\unity3d\Cynthia.Card.Unity\src\Cynthia.Card.Unity.Client
Target profile directory: C:\Program Files\Unity\Editor\Data\MonoBleedingEdge\lib\mono\unityjit
Unity Mono executable: C:\Program Files\Unity\Editor\Data\MonoBleedingEdge\bin\mono.exe
Compiler: Microsoft C# 7.3 (2.8.0.62830)

- Compilation ------------------------------------------------

Process: E:\program\unity3d\Cynthia.Card.Unity\src\Cynthia.Card.Unity.Client\CSharp70Support\Roslyn\csc.exe
Arguments: -noconfig @Temp/UnityTempFile-d0b2cee19abf7964a983d1d29a4c226e
Exit code: 0
Elapsed time: 1.20 sec

- Output (0 lines):

- Errors (0 lines):

********************************************************************************
*                              2018年8月7日 3:55:16                               *
********************************************************************************
CSharpCompilerWrapper.exe version: 4.0.4.230
Unity version: 2018.2.1f1
Platform: Windows
Target assembly: Assembly-CSharp.dll
Project directory: E:\program\unity3d\Cynthia.Card.Unity\src\Cynthia.Card.Unity.Client
Target profile directory: C:\Program Files\Unity\Editor\Data\MonoBleedingEdge\lib\mono\unityjit
Unity Mono executable: C:\Program Files\Unity\Editor\Data\MonoBleedingEdge\bin\mono.exe
Compiler: Microsoft C# 7.3 (2.8.0.62830)

- Compilation ------------------------------------------------

Process: E:\program\unity3d\Cynthia.Card.Unity\src\Cynthia.Card.Unity.Client\CSharp70Support\Roslyn\csc.exe
Arguments: -noconfig @Temp/UnityTempFile-dd4d52949a481684a85965f33518d42f
Exit code: 0
Elapsed time: 1.11 sec

- Output (1 line):
0: Assets\Script\LoginScript\Bootstrapper.cs(27,13): warning CS1701: Assuming assembly reference 'Autofac, Version=4.2.0.0, Culture=neutral, PublicKeyToken=17863af14b0044da' used by 'Autofac.Extensions.DependencyInjection' matches identity 'Autofac, Version=4.8.1.0, Culture=neutral, PublicKeyToken=17863af14b0044da' of 'Autofac', you may need to supply runtime policy

- Errors (0 lines):

********************************************************************************
*                              2018年8月7日 3:56:55                               *
********************************************************************************
CSharpCompilerWrapper.exe version: 4.0.4.230
Unity version: 2018.2.1f1
Platform: Windows
Target assembly: Unity.TextMeshPro.dll
Project directory: E:\program\unity3d\Cynthia.Card.Unity\src\Cynthia.Card.Unity.Client
Target profile directory: C:\Program Files\Unity\Editor\Data\MonoBleedingEdge\lib\mono\unityjit
Unity Mono executable: C:\Program Files\Unity\Editor\Data\MonoBleedingEdge\bin\mono.exe
Compiler: Microsoft C# 7.3 (2.8.0.62830)

- Compilation ------------------------------------------------

Process: E:\program\unity3d\Cynthia.Card.Unity\src\Cynthia.Card.Unity.Client\CSharp70Support\Roslyn\csc.exe
Arguments: -noconfig @Temp/UnityTempFile-890d632f0d775394c839a6e871bdae08
Exit code: 0
Elapsed time: 1.18 sec

- Output (0 lines):

- Errors (0 lines):

********************************************************************************
*                              2018年8月7日 3:56:57                               *
********************************************************************************
CSharpCompilerWrapper.exe version: 4.0.4.230
Unity version: 2018.2.1f1
Platform: Windows
Target assembly: Assembly-CSharp.dll
Project directory: E:\program\unity3d\Cynthia.Card.Unity\src\Cynthia.Card.Unity.Client
Target profile directory: C:\Program Files\Unity\Editor\Data\MonoBleedingEdge\lib\mono\unityjit
Unity Mono executable: C:\Program Files\Unity\Editor\Data\MonoBleedingEdge\bin\mono.exe
Compiler: Microsoft C# 7.3 (2.8.0.62830)

- Compilation ------------------------------------------------

Process: E:\program\unity3d\Cynthia.Card.Unity\src\Cynthia.Card.Unity.Client\CSharp70Support\Roslyn\csc.exe
Arguments: -noconfig @Temp/UnityTempFile-293af060be85b2947b707c3b63b92623
Exit code: 0
Elapsed time: 1.15 sec

- Output (1 line):
0: Assets\Script\LoginScript\Bootstrapper.cs(27,13): warning CS1701: Assuming assembly reference 'Autofac, Version=4.2.0.0, Culture=neutral, PublicKeyToken=17863af14b0044da' used by 'Autofac.Extensions.DependencyInjection' matches identity 'Autofac, Version=4.8.1.0, Culture=neutral, PublicKeyToken=17863af14b0044da' of 'Autofac', you may need to supply runtime policy

- Errors (0 lines):

********************************************************************************
*                              2018年8月7日 3:57:14                               *
********************************************************************************
CSharpCompilerWrapper.exe version: 4.0.4.230
Unity version: 2018.2.1f1
Platform: Windows
Target assembly: Unity.TextMeshPro.dll
Project directory: E:\program\unity3d\Cynthia.Card.Unity\src\Cynthia.Card.Unity.Client
Target profile directory: C:\Program Files\Unity\Editor\Data\MonoBleedingEdge\lib\mono\unityjit
Unity Mono executable: C:\Program Files\Unity\Editor\Data\MonoBleedingEdge\bin\mono.exe
Compiler: Microsoft C# 7.3 (2.8.0.62830)

- Compilation ------------------------------------------------

Process: E:\program\unity3d\Cynthia.Card.Unity\src\Cynthia.Card.Unity.Client\CSharp70Support\Roslyn\csc.exe
Arguments: -noconfig @Temp/UnityTempFile-dee94ca1767ce734f98bb10550206f33
Exit code: 0
Elapsed time: 2.52 sec

- Output (0 lines):

- Errors (0 lines):

********************************************************************************
*                              2018年8月7日 3:57:14                               *
********************************************************************************
CSharpCompilerWrapper.exe version: 4.0.4.230
Unity version: 2018.2.1f1
Platform: Windows
Target assembly: UnityEditor.StandardEvents.dll
Project directory: E:\program\unity3d\Cynthia.Card.Unity\src\Cynthia.Card.Unity.Client
Target profile directory: C:\Program Files\Unity\Editor\Data\MonoBleedingEdge\lib\mono\unityjit
Unity Mono executable: C:\Program Files\Unity\Editor\Data\MonoBleedingEdge\bin\mono.exe
Compiler: Microsoft C# 7.3 (2.8.0.62830)

- Compilation ------------------------------------------------

Process: E:\program\unity3d\Cynthia.Card.Unity\src\Cynthia.Card.Unity.Client\CSharp70Support\Roslyn\csc.exe
Arguments: -noconfig @Temp/UnityTempFile-c299d173fef5c904db015a274520515f
Exit code: 0
Elapsed time: 2.14 sec

- Output (0 lines):

- Errors (0 lines):

********************************************************************************
*                              2018年8月7日 3:57:14                               *
********************************************************************************
CSharpCompilerWrapper.exe version: 4.0.4.230
Unity version: 2018.2.1f1
Platform: Windows
Target assembly: Unity.PackageManagerUI.Editor.dll
Project directory: E:\program\unity3d\Cynthia.Card.Unity\src\Cynthia.Card.Unity.Client
Target profile directory: C:\Program Files\Unity\Editor\Data\MonoBleedingEdge\lib\mono\unityjit
Unity Mono executable: C:\Program Files\Unity\Editor\Data\MonoBleedingEdge\bin\mono.exe
Compiler: Microsoft C# 7.3 (2.8.0.62830)

- Compilation ------------------------------------------------

Process: E:\program\unity3d\Cynthia.Card.Unity\src\Cynthia.Card.Unity.Client\CSharp70Support\Roslyn\csc.exe
Arguments: -noconfig @Temp/UnityTempFile-5617f726c516df54fae32ca6afd050df
Exit code: 0
Elapsed time: 2.34 sec

- Output (0 lines):

- Errors (0 lines):

********************************************************************************
*                              2018年8月7日 3:57:17                               *
********************************************************************************
CSharpCompilerWrapper.exe version: 4.0.4.230
Unity version: 2018.2.1f1
Platform: Windows
Target assembly: Unity.TextMeshPro.Editor.dll
Project directory: E:\program\unity3d\Cynthia.Card.Unity\src\Cynthia.Card.Unity.Client
Target profile directory: C:\Program Files\Unity\Editor\Data\MonoBleedingEdge\lib\mono\unityjit
Unity Mono executable: C:\Program Files\Unity\Editor\Data\MonoBleedingEdge\bin\mono.exe
Compiler: Microsoft C# 7.3 (2.8.0.62830)

- Compilation ------------------------------------------------

Process: E:\program\unity3d\Cynthia.Card.Unity\src\Cynthia.Card.Unity.Client\CSharp70Support\Roslyn\csc.exe
Arguments: -noconfig @Temp/UnityTempFile-b67ce847a8f91c6418b4c3e736cc4452
Exit code: 0
Elapsed time: 1.32 sec

- Output (0 lines):

- Errors (0 lines):

********************************************************************************
*                              2018年8月7日 3:57:18                               *
********************************************************************************
CSharpCompilerWrapper.exe version: 4.0.4.230
Unity version: 2018.2.1f1
Platform: Windows
Target assembly: Assembly-CSharp.dll
Project directory: E:\program\unity3d\Cynthia.Card.Unity\src\Cynthia.Card.Unity.Client
Target profile directory: C:\Program Files\Unity\Editor\Data\MonoBleedingEdge\lib\mono\unityjit
Unity Mono executable: C:\Program Files\Unity\Editor\Data\MonoBleedingEdge\bin\mono.exe
Compiler: Microsoft C# 7.3 (2.8.0.62830)

- Compilation ------------------------------------------------

Process: E:\program\unity3d\Cynthia.Card.Unity\src\Cynthia.Card.Unity.Client\CSharp70Support\Roslyn\csc.exe
Arguments: -noconfig @Temp/UnityTempFile-d790fbf99df5940469dbfae8484a58ee
Exit code: 0
Elapsed time: 1.16 sec

- Output (1 line):
0: Assets\Script\LoginScript\Bootstrapper.cs(27,13): warning CS1701: Assuming assembly reference 'Autofac, Version=4.2.0.0, Culture=neutral, PublicKeyToken=17863af14b0044da' used by 'Autofac.Extensions.DependencyInjection' matches identity 'Autofac, Version=4.8.1.0, Culture=neutral, PublicKeyToken=17863af14b0044da' of 'Autofac', you may need to supply runtime policy

- Errors (0 lines):

