********************************************************************************
*                             2018年8月24日 18:12:22                              *
********************************************************************************
CSharpCompilerWrapper.exe version: 4.0.4.230
Unity version: 2018.2.1f1
Platform: Windows
Target assembly: Assembly-CSharp.dll
Project directory: E:\program\unity3d\clone\Cynthia.Card.Unity\src\Cynthia.Card.Unity
Target profile directory: UNKNOWN (but it's ok for Unity 2018.1)
Unity Mono executable: C:\Program Files\Unity\Editor\Data\MonoBleedingEdge\bin\mono.exe
Compiler: Microsoft C# 7.3 (2.8.0.62830)

- Compilation ------------------------------------------------

Process: E:\program\unity3d\clone\Cynthia.Card.Unity\src\Cynthia.Card.Unity\CSharp70Support\Roslyn\csc.exe
Arguments: -noconfig @Temp/UnityTempFile-6d24e665664465148b19150d30cb5421
Exit code: 0
Elapsed time: 0.99 sec

- Output (0 lines):

- Errors (0 lines):

- PDB to MDB conversion --------------------------------------

Process: E:\program\unity3d\clone\Cynthia.Card.Unity\src\Cynthia.Card.Unity\CSharp70Support\Roslyn\pdb2mdb.exe
Arguments: Temp\Assembly-CSharp.dll
Exit code: 0
Elapsed time: 0.16 sec

- Output (0 lines):

- Errors (0 lines):

********************************************************************************
*                             2018年8月24日 18:12:42                              *
********************************************************************************
CSharpCompilerWrapper.exe version: 4.0.4.230
Unity version: 2018.2.1f1
Platform: Windows
Target assembly: Unity.TextMeshPro.dll
Project directory: E:\program\unity3d\clone\Cynthia.Card.Unity\src\Cynthia.Card.Unity
Target profile directory: UNKNOWN (but it's ok for Unity 2018.1)
Unity Mono executable: C:\Program Files\Unity\Editor\Data\MonoBleedingEdge\bin\mono.exe
Compiler: Microsoft C# 7.3 (2.8.0.62830)

- Compilation ------------------------------------------------

Process: E:\program\unity3d\clone\Cynthia.Card.Unity\src\Cynthia.Card.Unity\CSharp70Support\Roslyn\csc.exe
Arguments: -noconfig @Temp/UnityTempFile-d0f3a4a1e9604e244bbace80e4b17e83
Exit code: 0
Elapsed time: 1.16 sec

- Output (0 lines):

- Errors (0 lines):

- PDB to MDB conversion --------------------------------------

Process: E:\program\unity3d\clone\Cynthia.Card.Unity\src\Cynthia.Card.Unity\CSharp70Support\Roslyn\pdb2mdb.exe
Arguments: Temp\Unity.TextMeshPro.dll
Exit code: 0
Elapsed time: 0.09 sec

- Output (0 lines):

- Errors (0 lines):

********************************************************************************
*                             2018年8月24日 18:12:44                              *
********************************************************************************
CSharpCompilerWrapper.exe version: 4.0.4.230
Unity version: 2018.2.1f1
Platform: Windows
Target assembly: Assembly-CSharp.dll
Project directory: E:\program\unity3d\clone\Cynthia.Card.Unity\src\Cynthia.Card.Unity
Target profile directory: UNKNOWN (but it's ok for Unity 2018.1)
Unity Mono executable: C:\Program Files\Unity\Editor\Data\MonoBleedingEdge\bin\mono.exe
Compiler: Microsoft C# 7.3 (2.8.0.62830)

- Compilation ------------------------------------------------

Process: E:\program\unity3d\clone\Cynthia.Card.Unity\src\Cynthia.Card.Unity\CSharp70Support\Roslyn\csc.exe
Arguments: -noconfig @Temp/UnityTempFile-a05f81336cad5e544abeb80da1431940
Exit code: 0
Elapsed time: 0.93 sec

- Output (0 lines):

- Errors (0 lines):

- PDB to MDB conversion --------------------------------------

Process: E:\program\unity3d\clone\Cynthia.Card.Unity\src\Cynthia.Card.Unity\CSharp70Support\Roslyn\pdb2mdb.exe
Arguments: Temp\Assembly-CSharp.dll
Exit code: 0
Elapsed time: 0.07 sec

- Output (0 lines):

- Errors (0 lines):

********************************************************************************
*                             2018年8月24日 18:13:06                              *
********************************************************************************
CSharpCompilerWrapper.exe version: 4.0.4.230
Unity version: 2018.2.1f1
Platform: Windows
Target assembly: Unity.TextMeshPro.dll
Project directory: E:\program\unity3d\clone\Cynthia.Card.Unity\src\Cynthia.Card.Unity
Target profile directory: UNKNOWN (but it's ok for Unity 2018.1)
Unity Mono executable: C:\Program Files\Unity\Editor\Data\MonoBleedingEdge\bin\mono.exe
Compiler: Microsoft C# 7.3 (2.8.0.62830)

- Compilation ------------------------------------------------

Process: E:\program\unity3d\clone\Cynthia.Card.Unity\src\Cynthia.Card.Unity\CSharp70Support\Roslyn\csc.exe
Arguments: -noconfig @Temp/UnityTempFile-e5e1efce947ce414a81b0b42c0e8fb9d
Exit code: 0
Elapsed time: 1.50 sec

- Output (0 lines):

- Errors (0 lines):

- PDB to MDB conversion --------------------------------------

Process: E:\program\unity3d\clone\Cynthia.Card.Unity\src\Cynthia.Card.Unity\CSharp70Support\Roslyn\pdb2mdb.exe
Arguments: Temp\Unity.TextMeshPro.dll
Exit code: 0
Elapsed time: 0.10 sec

- Output (0 lines):

- Errors (0 lines):

********************************************************************************
*                             2018年8月24日 18:13:06                              *
********************************************************************************
CSharpCompilerWrapper.exe version: 4.0.4.230
Unity version: 2018.2.1f1
Platform: Windows
Target assembly: UnityEditor.StandardEvents.dll
Project directory: E:\program\unity3d\clone\Cynthia.Card.Unity\src\Cynthia.Card.Unity
Target profile directory: C:\Program Files\Unity\Editor\Data\MonoBleedingEdge\lib\mono\unityjit
Unity Mono executable: C:\Program Files\Unity\Editor\Data\MonoBleedingEdge\bin\mono.exe
Compiler: Microsoft C# 7.3 (2.8.0.62830)

- Compilation ------------------------------------------------

Process: E:\program\unity3d\clone\Cynthia.Card.Unity\src\Cynthia.Card.Unity\CSharp70Support\Roslyn\csc.exe
Arguments: -noconfig @Temp/UnityTempFile-1bb5b1e833d71cf40bac9216c03bcddd
Exit code: 0
Elapsed time: 1.14 sec

- Output (0 lines):

- Errors (0 lines):

- PDB to MDB conversion --------------------------------------

Process: E:\program\unity3d\clone\Cynthia.Card.Unity\src\Cynthia.Card.Unity\CSharp70Support\Roslyn\pdb2mdb.exe
Arguments: Temp\UnityEditor.StandardEvents.dll
Exit code: 0
Elapsed time: 0.07 sec

- Output (0 lines):

- Errors (0 lines):

********************************************************************************
*                             2018年8月24日 18:13:06                              *
********************************************************************************
CSharpCompilerWrapper.exe version: 4.0.4.230
Unity version: 2018.2.1f1
Platform: Windows
Target assembly: Unity.PackageManagerUI.Editor.dll
Project directory: E:\program\unity3d\clone\Cynthia.Card.Unity\src\Cynthia.Card.Unity
Target profile directory: C:\Program Files\Unity\Editor\Data\MonoBleedingEdge\lib\mono\unityjit
Unity Mono executable: C:\Program Files\Unity\Editor\Data\MonoBleedingEdge\bin\mono.exe
Compiler: Microsoft C# 7.3 (2.8.0.62830)

- Compilation ------------------------------------------------

Process: E:\program\unity3d\clone\Cynthia.Card.Unity\src\Cynthia.Card.Unity\CSharp70Support\Roslyn\csc.exe
Arguments: -noconfig @Temp/UnityTempFile-bc15beee735a1e34094b5636b98de80c
Exit code: 0
Elapsed time: 1.28 sec

- Output (0 lines):

- Errors (0 lines):

- PDB to MDB conversion --------------------------------------

Process: E:\program\unity3d\clone\Cynthia.Card.Unity\src\Cynthia.Card.Unity\CSharp70Support\Roslyn\pdb2mdb.exe
Arguments: Temp\Unity.PackageManagerUI.Editor.dll
Exit code: 0
Elapsed time: 0.07 sec

- Output (0 lines):

- Errors (0 lines):

********************************************************************************
*                             2018年8月24日 18:13:08                              *
********************************************************************************
CSharpCompilerWrapper.exe version: 4.0.4.230
Unity version: 2018.2.1f1
Platform: Windows
Target assembly: Unity.TextMeshPro.Editor.dll
Project directory: E:\program\unity3d\clone\Cynthia.Card.Unity\src\Cynthia.Card.Unity
Target profile directory: C:\Program Files\Unity\Editor\Data\MonoBleedingEdge\lib\mono\unityjit
Unity Mono executable: C:\Program Files\Unity\Editor\Data\MonoBleedingEdge\bin\mono.exe
Compiler: Microsoft C# 7.3 (2.8.0.62830)

- Compilation ------------------------------------------------

Process: E:\program\unity3d\clone\Cynthia.Card.Unity\src\Cynthia.Card.Unity\CSharp70Support\Roslyn\csc.exe
Arguments: -noconfig @Temp/UnityTempFile-b3f3ff47d93c58e4a833bca3298eeef6
Exit code: 0
Elapsed time: 1.00 sec

- Output (0 lines):

- Errors (0 lines):

- PDB to MDB conversion --------------------------------------

Process: E:\program\unity3d\clone\Cynthia.Card.Unity\src\Cynthia.Card.Unity\CSharp70Support\Roslyn\pdb2mdb.exe
Arguments: Temp\Unity.TextMeshPro.Editor.dll
Exit code: 0
Elapsed time: 0.07 sec

- Output (0 lines):

- Errors (0 lines):

********************************************************************************
*                             2018年8月24日 18:13:09                              *
********************************************************************************
CSharpCompilerWrapper.exe version: 4.0.4.230
Unity version: 2018.2.1f1
Platform: Windows
Target assembly: Assembly-CSharp.dll
Project directory: E:\program\unity3d\clone\Cynthia.Card.Unity\src\Cynthia.Card.Unity
Target profile directory: UNKNOWN (but it's ok for Unity 2018.1)
Unity Mono executable: C:\Program Files\Unity\Editor\Data\MonoBleedingEdge\bin\mono.exe
Compiler: Microsoft C# 7.3 (2.8.0.62830)

- Compilation ------------------------------------------------

Process: E:\program\unity3d\clone\Cynthia.Card.Unity\src\Cynthia.Card.Unity\CSharp70Support\Roslyn\csc.exe
Arguments: -noconfig @Temp/UnityTempFile-71be83623b6eb9649859aa976ec0ab22
Exit code: 0
Elapsed time: 0.93 sec

- Output (0 lines):

- Errors (0 lines):

- PDB to MDB conversion --------------------------------------

Process: E:\program\unity3d\clone\Cynthia.Card.Unity\src\Cynthia.Card.Unity\CSharp70Support\Roslyn\pdb2mdb.exe
Arguments: Temp\Assembly-CSharp.dll
Exit code: 0
Elapsed time: 0.07 sec

- Output (0 lines):

- Errors (0 lines):

********************************************************************************
*                             2018年8月24日 18:14:15                              *
********************************************************************************
CSharpCompilerWrapper.exe version: 4.0.4.230
Unity version: 2018.2.1f1
Platform: Windows
Target assembly: Unity.TextMeshPro.dll
Project directory: E:\program\unity3d\clone\Cynthia.Card.Unity\src\Cynthia.Card.Unity
Target profile directory: UNKNOWN (but it's ok for Unity 2018.1)
Unity Mono executable: C:\Program Files\Unity\Editor\Data\MonoBleedingEdge\bin\mono.exe
Compiler: Microsoft C# 7.3 (2.8.0.62830)

- Compilation ------------------------------------------------

Process: E:\program\unity3d\clone\Cynthia.Card.Unity\src\Cynthia.Card.Unity\CSharp70Support\Roslyn\csc.exe
Arguments: -noconfig @Temp/UnityTempFile-a3b09fdcb4adf1a4c89510841f680aa6
Exit code: 0
Elapsed time: 1.13 sec

- Output (0 lines):

- Errors (0 lines):

- PDB to MDB conversion --------------------------------------

Process: E:\program\unity3d\clone\Cynthia.Card.Unity\src\Cynthia.Card.Unity\CSharp70Support\Roslyn\pdb2mdb.exe
Arguments: Temp\Unity.TextMeshPro.dll
Exit code: 0
Elapsed time: 0.09 sec

- Output (0 lines):

- Errors (0 lines):

********************************************************************************
*                             2018年8月24日 18:14:16                              *
********************************************************************************
CSharpCompilerWrapper.exe version: 4.0.4.230
Unity version: 2018.2.1f1
Platform: Windows
Target assembly: Assembly-CSharp.dll
Project directory: E:\program\unity3d\clone\Cynthia.Card.Unity\src\Cynthia.Card.Unity
Target profile directory: UNKNOWN (but it's ok for Unity 2018.1)
Unity Mono executable: C:\Program Files\Unity\Editor\Data\MonoBleedingEdge\bin\mono.exe
Compiler: Microsoft C# 7.3 (2.8.0.62830)

- Compilation ------------------------------------------------

Process: E:\program\unity3d\clone\Cynthia.Card.Unity\src\Cynthia.Card.Unity\CSharp70Support\Roslyn\csc.exe
Arguments: -noconfig @Temp/UnityTempFile-a2703b4f444872c4786561cfcdb2cb10
Exit code: 0
Elapsed time: 0.90 sec

- Output (0 lines):

- Errors (0 lines):

- PDB to MDB conversion --------------------------------------

Process: E:\program\unity3d\clone\Cynthia.Card.Unity\src\Cynthia.Card.Unity\CSharp70Support\Roslyn\pdb2mdb.exe
Arguments: Temp\Assembly-CSharp.dll
Exit code: 0
Elapsed time: 0.06 sec

- Output (0 lines):

- Errors (0 lines):

********************************************************************************
*                             2018年8月24日 18:14:43                              *
********************************************************************************
CSharpCompilerWrapper.exe version: 4.0.4.230
Unity version: 2018.2.1f1
Platform: Windows
Target assembly: Unity.TextMeshPro.dll
Project directory: E:\program\unity3d\clone\Cynthia.Card.Unity\src\Cynthia.Card.Unity
Target profile directory: UNKNOWN (but it's ok for Unity 2018.1)
Unity Mono executable: C:\Program Files\Unity\Editor\Data\MonoBleedingEdge\bin\mono.exe
Compiler: Microsoft C# 7.3 (2.8.0.62830)

- Compilation ------------------------------------------------

Process: E:\program\unity3d\clone\Cynthia.Card.Unity\src\Cynthia.Card.Unity\CSharp70Support\Roslyn\csc.exe
Arguments: -noconfig @Temp/UnityTempFile-a9925811e04ecd649930b23d4776bdee
Exit code: 0
Elapsed time: 1.41 sec

- Output (0 lines):

- Errors (0 lines):

- PDB to MDB conversion --------------------------------------

Process: E:\program\unity3d\clone\Cynthia.Card.Unity\src\Cynthia.Card.Unity\CSharp70Support\Roslyn\pdb2mdb.exe
Arguments: Temp\Unity.TextMeshPro.dll
Exit code: 0
Elapsed time: 0.08 sec

- Output (0 lines):

- Errors (0 lines):

********************************************************************************
*                             2018年8月24日 18:14:43                              *
********************************************************************************
CSharpCompilerWrapper.exe version: 4.0.4.230
Unity version: 2018.2.1f1
Platform: Windows
Target assembly: UnityEditor.StandardEvents.dll
Project directory: E:\program\unity3d\clone\Cynthia.Card.Unity\src\Cynthia.Card.Unity
Target profile directory: C:\Program Files\Unity\Editor\Data\MonoBleedingEdge\lib\mono\unityjit
Unity Mono executable: C:\Program Files\Unity\Editor\Data\MonoBleedingEdge\bin\mono.exe
Compiler: Microsoft C# 7.3 (2.8.0.62830)

- Compilation ------------------------------------------------

Process: E:\program\unity3d\clone\Cynthia.Card.Unity\src\Cynthia.Card.Unity\CSharp70Support\Roslyn\csc.exe
Arguments: -noconfig @Temp/UnityTempFile-7f9d3b7c3d30ba54eb1a7c5e454682da
Exit code: 0
Elapsed time: 1.16 sec

- Output (0 lines):

- Errors (0 lines):

- PDB to MDB conversion --------------------------------------

Process: E:\program\unity3d\clone\Cynthia.Card.Unity\src\Cynthia.Card.Unity\CSharp70Support\Roslyn\pdb2mdb.exe
Arguments: Temp\UnityEditor.StandardEvents.dll
Exit code: 0
Elapsed time: 0.07 sec

- Output (0 lines):

- Errors (0 lines):

********************************************************************************
*                             2018年8月24日 18:14:43                              *
********************************************************************************
CSharpCompilerWrapper.exe version: 4.0.4.230
Unity version: 2018.2.1f1
Platform: Windows
Target assembly: Unity.PackageManagerUI.Editor.dll
Project directory: E:\program\unity3d\clone\Cynthia.Card.Unity\src\Cynthia.Card.Unity
Target profile directory: C:\Program Files\Unity\Editor\Data\MonoBleedingEdge\lib\mono\unityjit
Unity Mono executable: C:\Program Files\Unity\Editor\Data\MonoBleedingEdge\bin\mono.exe
Compiler: Microsoft C# 7.3 (2.8.0.62830)

- Compilation ------------------------------------------------

Process: E:\program\unity3d\clone\Cynthia.Card.Unity\src\Cynthia.Card.Unity\CSharp70Support\Roslyn\csc.exe
Arguments: -noconfig @Temp/UnityTempFile-33296dd1946f105479a432fae8e42496
Exit code: 0
Elapsed time: 1.23 sec

- Output (0 lines):

- Errors (0 lines):

- PDB to MDB conversion --------------------------------------

Process: E:\program\unity3d\clone\Cynthia.Card.Unity\src\Cynthia.Card.Unity\CSharp70Support\Roslyn\pdb2mdb.exe
Arguments: Temp\Unity.PackageManagerUI.Editor.dll
Exit code: 0
Elapsed time: 0.08 sec

- Output (0 lines):

- Errors (0 lines):

********************************************************************************
*                             2018年8月24日 18:14:45                              *
********************************************************************************
CSharpCompilerWrapper.exe version: 4.0.4.230
Unity version: 2018.2.1f1
Platform: Windows
Target assembly: Unity.TextMeshPro.Editor.dll
Project directory: E:\program\unity3d\clone\Cynthia.Card.Unity\src\Cynthia.Card.Unity
Target profile directory: C:\Program Files\Unity\Editor\Data\MonoBleedingEdge\lib\mono\unityjit
Unity Mono executable: C:\Program Files\Unity\Editor\Data\MonoBleedingEdge\bin\mono.exe
Compiler: Microsoft C# 7.3 (2.8.0.62830)

- Compilation ------------------------------------------------

Process: E:\program\unity3d\clone\Cynthia.Card.Unity\src\Cynthia.Card.Unity\CSharp70Support\Roslyn\csc.exe
Arguments: -noconfig @Temp/UnityTempFile-e8b300c1a01ca24428360ed0fead8ca6
Exit code: 0
Elapsed time: 0.95 sec

- Output (0 lines):

- Errors (0 lines):

- PDB to MDB conversion --------------------------------------

Process: E:\program\unity3d\clone\Cynthia.Card.Unity\src\Cynthia.Card.Unity\CSharp70Support\Roslyn\pdb2mdb.exe
Arguments: Temp\Unity.TextMeshPro.Editor.dll
Exit code: 0
Elapsed time: 0.06 sec

- Output (0 lines):

- Errors (0 lines):

********************************************************************************
*                             2018年8月24日 18:14:46                              *
********************************************************************************
CSharpCompilerWrapper.exe version: 4.0.4.230
Unity version: 2018.2.1f1
Platform: Windows
Target assembly: Assembly-CSharp.dll
Project directory: E:\program\unity3d\clone\Cynthia.Card.Unity\src\Cynthia.Card.Unity
Target profile directory: UNKNOWN (but it's ok for Unity 2018.1)
Unity Mono executable: C:\Program Files\Unity\Editor\Data\MonoBleedingEdge\bin\mono.exe
Compiler: Microsoft C# 7.3 (2.8.0.62830)

- Compilation ------------------------------------------------

Process: E:\program\unity3d\clone\Cynthia.Card.Unity\src\Cynthia.Card.Unity\CSharp70Support\Roslyn\csc.exe
Arguments: -noconfig @Temp/UnityTempFile-04ae54ff11c6fda4381473568ebe6bf4
Exit code: 0
Elapsed time: 0.90 sec

- Output (0 lines):

- Errors (0 lines):

- PDB to MDB conversion --------------------------------------

Process: E:\program\unity3d\clone\Cynthia.Card.Unity\src\Cynthia.Card.Unity\CSharp70Support\Roslyn\pdb2mdb.exe
Arguments: Temp\Assembly-CSharp.dll
Exit code: 0
Elapsed time: 0.06 sec

- Output (0 lines):

- Errors (0 lines):

